
/home/runner/work/exp-design-encoder-coep/exp-design-encoder-coep/experiment/simulation/lib/jquery.js
  2:58     warning  'module' is not defined                                                    no-undef
  2:73     warning  'module' is not defined                                                    no-undef
  2:6324   warning  Expected a conditional expression and instead saw an assignment            no-cond-assign
  2:6580   warning  Expected a conditional expression and instead saw an assignment            no-cond-assign
  2:7011   warning  Expected a conditional expression and instead saw an assignment            no-cond-assign
  2:7270   warning  Empty block statement                                                      no-empty
  2:7839   warning  Expected a conditional expression and instead saw an assignment            no-cond-assign
  2:9709   warning  Expected a conditional expression and instead saw an assignment            no-cond-assign
  2:11311  warning  Expected a conditional expression and instead saw an assignment            no-cond-assign
  2:11887  warning  Expected a conditional expression and instead saw an assignment            no-cond-assign
  2:11925  warning  Expected a conditional expression and instead saw an assignment            no-cond-assign
  2:12343  warning  Empty block statement                                                      no-empty
  2:12906  warning  Expected a conditional expression and instead saw an assignment            no-cond-assign
  2:13218  warning  Expected a conditional expression and instead saw an assignment            no-cond-assign
  2:15046  warning  Expected a conditional expression and instead saw an assignment            no-cond-assign
  2:15317  warning  Expected a conditional expression and instead saw an assignment            no-cond-assign
  2:15517  warning  Expected a conditional expression and instead saw an assignment            no-cond-assign
  2:15893  warning  Do not access Object.prototype method 'hasOwnProperty' from target object  no-prototype-builtins
  2:16598  warning  Expected a conditional expression and instead saw an assignment            no-cond-assign
  2:18982  warning  Expected a conditional expression and instead saw an assignment            no-cond-assign
  2:19073  warning  Expected a conditional expression and instead saw an assignment            no-cond-assign
  2:19133  warning  Expected a conditional expression and instead saw an assignment            no-cond-assign
  2:20435  warning  Expected a conditional expression and instead saw an assignment            no-cond-assign
  2:21049  warning  Expected a conditional expression and instead saw an assignment            no-cond-assign
  2:21160  warning  Expected a conditional expression and instead saw an assignment            no-cond-assign
  2:23420  warning  Unnecessary escape character: \[                                           no-useless-escape
  2:23422  warning  Unnecessary escape character: \.                                           no-useless-escape
  2:30761  warning  Empty block statement                                                      no-empty
  2:31981  warning  Empty block statement                                                      no-empty
  3:7811   warning  Expected a conditional expression and instead saw an assignment            no-cond-assign
  3:7951   warning  Expected a conditional expression and instead saw an assignment            no-cond-assign
  3:8441   warning  Empty block statement                                                      no-empty
  3:11852  warning  Empty block statement                                                      no-empty
  3:14493  warning  Empty block statement                                                      no-empty
  3:24051  warning  Empty block statement                                                      no-empty
  3:26100  warning  Move function declaration to function body root                            no-inner-declarations
  3:30714  warning  Empty block statement                                                      no-empty
  4:2546   warning  Expected a conditional expression and instead saw an assignment            no-cond-assign
  4:5062   warning  Expected a conditional expression and instead saw an assignment            no-cond-assign
  4:11701  warning  Expected a conditional expression and instead saw an assignment            no-cond-assign
  4:13447  warning  Empty block statement                                                      no-empty
  4:14747  warning  Expected a conditional expression and instead saw an assignment            no-cond-assign
  4:14827  warning  Expected a conditional expression and instead saw an assignment            no-cond-assign
  4:15164  warning  Expected a conditional expression and instead saw an assignment            no-cond-assign
  4:15244  warning  Expected a conditional expression and instead saw an assignment            no-cond-assign
  4:15659  warning  Expected a conditional expression and instead saw an assignment            no-cond-assign
  4:15915  warning  Expected a conditional expression and instead saw an assignment            no-cond-assign
  4:16492  warning  Unnecessary escape character: \/                                           no-useless-escape
  4:17365  warning  Unnecessary escape character: \/                                           no-useless-escape
  4:17377  warning  Unnecessary escape character: \/                                           no-useless-escape
  4:17610  warning  Expected a conditional expression and instead saw an assignment            no-cond-assign
  4:20109  warning  Expected a conditional expression and instead saw an assignment            no-cond-assign
  4:22009  warning  Expected a conditional expression and instead saw an assignment            no-cond-assign
  4:27128  warning  Empty block statement                                                      no-empty
  4:27205  warning  Empty block statement                                                      no-empty
  5:812    warning  'define' is not defined                                                    no-undef
  5:824    warning  'define' is not defined                                                    no-undef

/home/runner/work/exp-design-encoder-coep/exp-design-encoder-coep/experiment/simulation/lib/jquery.min.js
  2:71     warning  'module' is not defined                                                    no-undef
  2:86     warning  'module' is not defined                                                    no-undef
  2:5433   warning  Unexpected control character(s) in regular expression: \x1f, \x1f          no-control-regex
  2:5916   warning  Expected a conditional expression and instead saw an assignment            no-cond-assign
  2:6170   warning  Expected a conditional expression and instead saw an assignment            no-cond-assign
  2:6614   warning  Expected a conditional expression and instead saw an assignment            no-cond-assign
  2:7404   warning  Expected a conditional expression and instead saw an assignment            no-cond-assign
  2:9497   warning  Expected a conditional expression and instead saw an assignment            no-cond-assign
  2:9807   warning  Expected a conditional expression and instead saw an assignment            no-cond-assign
  2:11608  warning  Expected a conditional expression and instead saw an assignment            no-cond-assign
  2:12183  warning  Expected a conditional expression and instead saw an assignment            no-cond-assign
  2:12221  warning  Expected a conditional expression and instead saw an assignment            no-cond-assign
  2:13234  warning  Expected a conditional expression and instead saw an assignment            no-cond-assign
  2:13546  warning  Expected a conditional expression and instead saw an assignment            no-cond-assign
  2:15374  warning  Expected a conditional expression and instead saw an assignment            no-cond-assign
  2:15645  warning  Expected a conditional expression and instead saw an assignment            no-cond-assign
  2:15843  warning  Expected a conditional expression and instead saw an assignment            no-cond-assign
  2:16217  warning  Do not access Object.prototype method 'hasOwnProperty' from target object  no-prototype-builtins
  2:16907  warning  Expected a conditional expression and instead saw an assignment            no-cond-assign
  2:18727  warning  Expected a conditional expression and instead saw an assignment            no-cond-assign
  2:18827  warning  Expected a conditional expression and instead saw an assignment            no-cond-assign
  2:18887  warning  Expected a conditional expression and instead saw an assignment            no-cond-assign
  2:19071  warning  Expected a conditional expression and instead saw an assignment            no-cond-assign
  2:20240  warning  Expected a conditional expression and instead saw an assignment            no-cond-assign
  2:21514  warning  Expected a conditional expression and instead saw an assignment            no-cond-assign
  2:21625  warning  Expected a conditional expression and instead saw an assignment            no-cond-assign
  2:23791  warning  Unnecessary escape character: \/                                           no-useless-escape
  2:33395  warning  Empty block statement                                                      no-empty
  2:37269  warning  Unnecessary escape character: \/                                           no-useless-escape
  2:38490  warning  Expected a conditional expression and instead saw an assignment            no-cond-assign
  2:38606  warning  Expected a conditional expression and instead saw an assignment            no-cond-assign
  2:39234  warning  Empty block statement                                                      no-empty
  2:46727  warning  Unnecessary escape character: \/                                           no-useless-escape
  2:49033  warning  Expected a conditional expression and instead saw an assignment            no-cond-assign
  2:50593  warning  Empty block statement                                                      no-empty
  2:58406  warning  Expected a conditional expression and instead saw an assignment            no-cond-assign
  2:59575  warning  Expected a conditional expression and instead saw an assignment            no-cond-assign
  2:65215  warning  Expected a conditional expression and instead saw an assignment            no-cond-assign
  2:66958  warning  Expected a conditional expression and instead saw an assignment            no-cond-assign
  2:67024  warning  Expected a conditional expression and instead saw an assignment            no-cond-assign
  2:67328  warning  Expected a conditional expression and instead saw an assignment            no-cond-assign
  2:67394  warning  Expected a conditional expression and instead saw an assignment            no-cond-assign
  2:67801  warning  Expected a conditional expression and instead saw an assignment            no-cond-assign
  2:68078  warning  Expected a conditional expression and instead saw an assignment            no-cond-assign
  2:73449  warning  Expected a conditional expression and instead saw an assignment            no-cond-assign
  2:75043  warning  Expected a conditional expression and instead saw an assignment            no-cond-assign
  2:75823  warning  'r.href' is assigned to itself                                             no-self-assign
  2:80414  warning  Empty block statement                                                      no-empty
  2:83525  warning  Expected a conditional expression and instead saw an assignment            no-cond-assign
  2:87869  warning  'define' is not defined                                                    no-undef
  2:87881  warning  'define' is not defined                                                    no-undef

/home/runner/work/exp-design-encoder-coep/exp-design-encoder-coep/experiment/simulation/lib/raphael.js
  5800:60  error  Parsing error: Deleting local variable in strict mode

/home/runner/work/exp-design-encoder-coep/exp-design-encoder-coep/experiment/simulation/lib/raphael.min.js
  1:66     warning  'module' is not defined                                                                                                                          no-undef
  1:112    warning  'define' is not defined                                                                                                                          no-undef
  1:123    warning  'define' is not defined                                                                                                                          no-undef
  1:161    warning  'exports' is not defined                                                                                                                         no-undef
  1:1566   warning  'DocumentTouch' is not defined                                                                                                                   no-undef
  1:2001   warning  Unnecessary escape character: \.                                                                                                                 no-useless-escape
  1:2017   warning  Unnecessary escape character: \.                                                                                                                 no-useless-escape
  1:2033   warning  Unnecessary escape character: \.                                                                                                                 no-useless-escape
  1:2052   warning  Unnecessary escape character: \.                                                                                                                 no-useless-escape
  1:2081   warning  Unnecessary escape character: \.                                                                                                                 no-useless-escape
  1:2110   warning  Unnecessary escape character: \.                                                                                                                 no-useless-escape
  1:2126   warning  Unnecessary escape character: \.                                                                                                                 no-useless-escape
  1:2145   warning  Unnecessary escape character: \.                                                                                                                 no-useless-escape
  1:2174   warning  Unnecessary escape character: \.                                                                                                                 no-useless-escape
  1:2203   warning  Unnecessary escape character: \.                                                                                                                 no-useless-escape
  1:2219   warning  Unnecessary escape character: \.                                                                                                                 no-useless-escape
  1:2238   warning  Unnecessary escape character: \.                                                                                                                 no-useless-escape
  1:2346   warning  Unnecessary escape character: \)                                                                                                                 no-useless-escape
  1:3257   warning  Unexpected control character(s) in regular expression: \x09, \x0a, \x0b, \x0c, \x0d, \x09, \x0a, \x0b, \x0c, \x0d                                no-control-regex
  1:3582   warning  Unexpected control character(s) in regular expression: \x09, \x0a, \x0b, \x0c, \x0d, \x09, \x0a, \x0b, \x0c, \x0d, \x09, \x0a, \x0b, \x0c, \x0d  no-control-regex
  1:3756   warning  Unnecessary escape character: \-                                                                                                                 no-useless-escape
  1:4055   warning  Unexpected control character(s) in regular expression: \x09, \x0a, \x0b, \x0c, \x0d, \x09, \x0a, \x0b, \x0c, \x0d, \x09, \x0a, \x0b, \x0c, \x0d  no-control-regex
  1:4222   warning  Unnecessary escape character: \-                                                                                                                 no-useless-escape
  1:4521   warning  Unexpected control character(s) in regular expression: \x09, \x0a, \x0b, \x0c, \x0d, \x09, \x0a, \x0b, \x0c, \x0d                                no-control-regex
  1:4539   warning  Unnecessary escape character: \-                                                                                                                 no-useless-escape
  1:4856   warning  Unexpected control character(s) in regular expression: \x09, \x0a, \x0b, \x0c, \x0d, \x09, \x0a, \x0b, \x0c, \x0d                                no-control-regex
  1:5154   warning  Unnecessary escape character: \)                                                                                                                 no-useless-escape
  1:7857   warning  'ActiveXObject' is not defined                                                                                                                   no-undef
  1:7931   warning  'createPopup' is not defined                                                                                                                     no-undef
  1:19015  warning  Expected a 'break' statement before 'default'                                                                                                    no-fallthrough
  1:20113  warning  Expected a 'break' statement before 'default'                                                                                                    no-fallthrough
  1:20421  warning  Expected a 'break' statement before 'default'                                                                                                    no-fallthrough
  1:24342  warning  Unnecessary escape character: \.                                                                                                                 no-useless-escape
  1:35757  warning  't' is defined but never used                                                                                                                    no-unused-vars
  1:49075  warning  'r' is defined but never used                                                                                                                    no-unused-vars
  1:50549  warning  'i' is defined but never used                                                                                                                    no-unused-vars
  1:50598  warning  'r' is defined but never used                                                                                                                    no-unused-vars
  1:52666  warning  Unnecessary escape character: \}                                                                                                                 no-useless-escape
  1:53074  warning  Empty block statement                                                                                                                            no-empty
  1:53754  warning  Unnecessary escape character: \)                                                                                                                 no-useless-escape
  1:60967  warning  Unnecessary escape character: \-                                                                                                                 no-useless-escape
  1:72245  warning  Unnecessary escape character: \-                                                                                                                 no-useless-escape
  1:72515  warning  Unnecessary escape character: \(                                                                                                                 no-useless-escape
  1:72517  warning  Unnecessary escape character: \)                                                                                                                 no-useless-escape
  1:75570  warning  Expected a conditional expression and instead saw an assignment                                                                                  no-cond-assign
  1:77369  warning  Expected a 'break' statement before 'case'                                                                                                       no-fallthrough
  1:77405  warning  Expected a 'break' statement before 'case'                                                                                                       no-fallthrough
  1:77447  warning  Expected a 'break' statement before 'case'                                                                                                       no-fallthrough
  1:77582  warning  Expected a 'break' statement before 'case'                                                                                                       no-fallthrough
  1:77619  warning  Expected a 'break' statement before 'case'                                                                                                       no-fallthrough
  1:77661  warning  Expected a 'break' statement before 'case'                                                                                                       no-fallthrough
  1:79325  warning  Expected a 'break' statement before 'case'                                                                                                       no-fallthrough
  1:79783  warning  Expected a 'break' statement before 'case'                                                                                                       no-fallthrough
  1:79973  warning  Expected a 'break' statement before 'default'                                                                                                    no-fallthrough
  1:80032  warning  Unnecessary escape character: \-                                                                                                                 no-useless-escape
  1:89485  warning  'r' is defined but never used                                                                                                                    no-unused-vars
  1:89543  warning  Unnecessary escape character: \.                                                                                                                 no-useless-escape
  1:89545  warning  Unnecessary escape character: \/                                                                                                                 no-useless-escape
  1:90733  warning  Unnecessary escape character: \.                                                                                                                 no-useless-escape
  1:90735  warning  Unnecessary escape character: \^                                                                                                                 no-useless-escape
  1:90739  warning  Unnecessary escape character: \[                                                                                                                 no-useless-escape
  1:90741  warning  Unnecessary escape character: \-                                                                                                                 no-useless-escape
  1:90780  warning  Unnecessary escape character: \.                                                                                                                 no-useless-escape
  1:90782  warning  Unnecessary escape character: \/                                                                                                                 no-useless-escape
  1:91000  warning  Do not access Object.prototype method 'hasOwnProperty' from target object                                                                        no-prototype-builtins

/home/runner/work/exp-design-encoder-coep/exp-design-encoder-coep/experiment/simulation/src/Calibration.js
    1:10  warning  'calibration' is defined but never used          no-unused-vars
    4:2   warning  'incorrectActualInstFlow' is not defined         no-undef
    5:3   warning  'htm' is not defined                             no-undef
    6:4   warning  'htm' is not defined                             no-undef
   18:3   warning  Mixed spaces and tabs                            no-mixed-spaces-and-tabs
   48:3   warning  Mixed spaces and tabs                            no-mixed-spaces-and-tabs
   58:3   warning  Mixed spaces and tabs                            no-mixed-spaces-and-tabs
   82:3   warning  Mixed spaces and tabs                            no-mixed-spaces-and-tabs
   83:3   warning  Mixed spaces and tabs                            no-mixed-spaces-and-tabs
   84:4   warning  Mixed spaces and tabs                            no-mixed-spaces-and-tabs
   87:5   warning  Mixed spaces and tabs                            no-mixed-spaces-and-tabs
   88:5   warning  Mixed spaces and tabs                            no-mixed-spaces-and-tabs
   91:4   warning  Mixed spaces and tabs                            no-mixed-spaces-and-tabs
   93:2   warning  Mixed spaces and tabs                            no-mixed-spaces-and-tabs
   96:3   warning  Mixed spaces and tabs                            no-mixed-spaces-and-tabs
   97:3   warning  Mixed spaces and tabs                            no-mixed-spaces-and-tabs
   98:4   warning  Mixed spaces and tabs                            no-mixed-spaces-and-tabs
  108:3   warning  Mixed spaces and tabs                            no-mixed-spaces-and-tabs
  115:1   warning  Mixed spaces and tabs                            no-mixed-spaces-and-tabs
  116:1   warning  Mixed spaces and tabs                            no-mixed-spaces-and-tabs
  117:1   warning  Mixed spaces and tabs                            no-mixed-spaces-and-tabs
  118:1   warning  Mixed spaces and tabs                            no-mixed-spaces-and-tabs
  119:1   warning  Mixed spaces and tabs                            no-mixed-spaces-and-tabs
  122:4   warning  '$' is not defined                               no-undef
  122:27  warning  'htm' is not defined                             no-undef
  124:4   warning  '$' is not defined                               no-undef
  125:5   warning  'fualtFinding' is not defined                    no-undef
  128:4   warning  '$' is not defined                               no-undef
  132:19  warning  '$' is not defined                               no-undef
  133:13  warning  'masterJson' is not defined                      no-undef
  134:13  warning  'masterJson' is not defined                      no-undef
  145:6   warning  Mixed spaces and tabs                            no-mixed-spaces-and-tabs
  145:8   warning  '$' is not defined                               no-undef
  146:6   warning  Mixed spaces and tabs                            no-mixed-spaces-and-tabs
  146:8   warning  '$' is not defined                               no-undef
  154:10  warning  'checkAns' is not defined                        no-undef
  156:9   warning  Mixed spaces and tabs                            no-mixed-spaces-and-tabs
  156:12  warning  '$' is not defined                               no-undef
  157:10  warning  '$' is not defined                               no-undef
  158:10  warning  '$' is not defined                               no-undef
  162:8   warning  Mixed spaces and tabs                            no-mixed-spaces-and-tabs
  162:10  warning  '$' is not defined                               no-undef
  163:8   warning  Mixed spaces and tabs                            no-mixed-spaces-and-tabs
  163:10  warning  '$' is not defined                               no-undef
  164:8   warning  Mixed spaces and tabs                            no-mixed-spaces-and-tabs
  164:10  warning  'dataJson' is not defined                        no-undef
  165:8   warning  Mixed spaces and tabs                            no-mixed-spaces-and-tabs
  165:10  warning  'incorrectActualInstFlow' is not defined         no-undef
  166:8   warning  Mixed spaces and tabs                            no-mixed-spaces-and-tabs
  166:10  warning  'dataJson' is not defined                        no-undef
  166:44  warning  'incorrectActualInstFlow' is not defined         no-undef
  167:8   warning  Mixed spaces and tabs                            no-mixed-spaces-and-tabs
  167:11  warning  'data' is not defined                            no-undef
  167:33  warning  'dataJson' is not defined                        no-undef
  168:8   warning  Mixed spaces and tabs                            no-mixed-spaces-and-tabs
  168:23  warning  'data' is not defined                            no-undef
  175:6   warning  '$' is not defined                               no-undef
  176:5   warning  Mixed spaces and tabs                            no-mixed-spaces-and-tabs
  176:7   warning  '$' is not defined                               no-undef
  179:16  warning  '$' is not defined                               no-undef
  182:7   warning  'checkAns' is not defined                        no-undef
  185:6   warning  Mixed spaces and tabs                            no-mixed-spaces-and-tabs
  185:9   warning  '$' is not defined                               no-undef
  186:7   warning  '$' is not defined                               no-undef
  187:7   warning  '$' is not defined                               no-undef
  190:7   warning  'checkAns' is not defined                        no-undef
  192:6   warning  Mixed spaces and tabs                            no-mixed-spaces-and-tabs
  192:8   warning  '$' is not defined                               no-undef
  193:6   warning  Mixed spaces and tabs                            no-mixed-spaces-and-tabs
  193:8   warning  '$' is not defined                               no-undef
  198:4   warning  Mixed spaces and tabs                            no-mixed-spaces-and-tabs
  202:16  warning  'masterJson' is not defined                      no-undef
  203:8   warning  'id' is already defined                          no-redeclare
  204:4   warning  '$' is not defined                               no-undef
  207:13  warning  'masterJson' is not defined                      no-undef
  208:13  warning  'masterJson' is not defined                      no-undef
  214:19  warning  '$' is not defined                               no-undef
  219:6   warning  Mixed spaces and tabs                            no-mixed-spaces-and-tabs
  219:8   warning  '$' is not defined                               no-undef
  220:6   warning  Mixed spaces and tabs                            no-mixed-spaces-and-tabs
  220:8   warning  '$' is not defined                               no-undef
  228:10  warning  'checkAns' is not defined                        no-undef
  230:10  warning  '$' is not defined                               no-undef
  231:10  warning  '$' is not defined                               no-undef
  232:10  warning  '$' is not defined                               no-undef
  233:10  warning  '$' is not defined                               no-undef
  234:10  warning  '$' is not defined                               no-undef
  235:8   warning  Mixed spaces and tabs                            no-mixed-spaces-and-tabs
  238:9   warning  Mixed spaces and tabs                            no-mixed-spaces-and-tabs
  238:11  warning  '$' is not defined                               no-undef
  239:9   warning  Mixed spaces and tabs                            no-mixed-spaces-and-tabs
  239:11  warning  '$' is not defined                               no-undef
  240:9   warning  Mixed spaces and tabs                            no-mixed-spaces-and-tabs
  240:11  warning  'dataJson' is not defined                        no-undef
  241:9   warning  Mixed spaces and tabs                            no-mixed-spaces-and-tabs
  241:11  warning  'incorrectActualInstFlow' is not defined         no-undef
  242:9   warning  Mixed spaces and tabs                            no-mixed-spaces-and-tabs
  242:11  warning  'dataJson' is not defined                        no-undef
  242:45  warning  'incorrectActualInstFlow' is not defined         no-undef
  243:9   warning  Mixed spaces and tabs                            no-mixed-spaces-and-tabs
  243:12  warning  'data' is not defined                            no-undef
  243:34  warning  'dataJson' is not defined                        no-undef
  245:9   warning  Mixed spaces and tabs                            no-mixed-spaces-and-tabs
  245:24  warning  'data' is not defined                            no-undef
  254:5   warning  Mixed spaces and tabs                            no-mixed-spaces-and-tabs
  254:7   warning  '$' is not defined                               no-undef
  255:5   warning  Mixed spaces and tabs                            no-mixed-spaces-and-tabs
  255:7   warning  '$' is not defined                               no-undef
  258:16  warning  '$' is not defined                               no-undef
  261:7   warning  'checkAns' is not defined                        no-undef
  263:7   warning  '$' is not defined                               no-undef
  264:7   warning  '$' is not defined                               no-undef
  265:7   warning  '$' is not defined                               no-undef
  266:7   warning  '$' is not defined                               no-undef
  269:7   warning  'checkAns' is not defined                        no-undef
  271:6   warning  Mixed spaces and tabs                            no-mixed-spaces-and-tabs
  271:8   warning  '$' is not defined                               no-undef
  272:6   warning  Mixed spaces and tabs                            no-mixed-spaces-and-tabs
  272:8   warning  '$' is not defined                               no-undef
  277:4   warning  Mixed spaces and tabs                            no-mixed-spaces-and-tabs
  284:4   warning  '$' is not defined                               no-undef
  287:5   warning  '$' is not defined                               no-undef
  288:15  warning  'masterJson' is not defined                      no-undef
  289:15  warning  'masterJson' is not defined                      no-undef
  292:4   warning  Mixed spaces and tabs                            no-mixed-spaces-and-tabs
  292:45  warning  'masterJson' is not defined                      no-undef
  293:4   warning  Mixed spaces and tabs                            no-mixed-spaces-and-tabs
  294:4   warning  Mixed spaces and tabs                            no-mixed-spaces-and-tabs
  294:10  warning  'i' is not defined                               no-undef
  294:14  warning  'i' is not defined                               no-undef
  294:17  warning  'masterJson' is not defined                      no-undef
  294:40  warning  'i' is not defined                               no-undef
  296:7   warning  Mixed spaces and tabs                            no-mixed-spaces-and-tabs
  297:7   warning  Mixed spaces and tabs                            no-mixed-spaces-and-tabs
  298:8   warning  Mixed spaces and tabs                            no-mixed-spaces-and-tabs
  298:10  warning  '$' is not defined                               no-undef
  299:8   warning  Mixed spaces and tabs                            no-mixed-spaces-and-tabs
  299:10  warning  '$' is not defined                               no-undef
  301:9   warning  Mixed spaces and tabs                            no-mixed-spaces-and-tabs
  301:11  warning  '$' is not defined                               no-undef
  302:9   warning  Mixed spaces and tabs                            no-mixed-spaces-and-tabs
  303:9   warning  Mixed spaces and tabs                            no-mixed-spaces-and-tabs
  303:11  warning  'temp' is not defined                            no-undef
  303:26  warning  'masterJson' is not defined                      no-undef
  303:42  warning  'i' is not defined                               no-undef
  304:22  warning  'i' is not defined                               no-undef
  304:25  warning  'masterJson' is not defined                      no-undef
  304:41  warning  'i' is not defined                               no-undef
  304:50  warning  'temp' is not defined                            no-undef
  306:7   warning  Mixed spaces and tabs                            no-mixed-spaces-and-tabs
  307:7   warning  Mixed spaces and tabs                            no-mixed-spaces-and-tabs
  308:7   warning  Mixed spaces and tabs                            no-mixed-spaces-and-tabs
  309:8   warning  Mixed spaces and tabs                            no-mixed-spaces-and-tabs
  309:10  warning  'temp' is not defined                            no-undef
  309:25  warning  'masterJson' is not defined                      no-undef
  309:41  warning  'i' is not defined                               no-undef
  310:20  warning  'i' is not defined                               no-undef
  310:23  warning  'masterJson' is not defined                      no-undef
  310:39  warning  'i' is not defined                               no-undef
  310:48  warning  'temp' is not defined                            no-undef
  312:7   warning  Mixed spaces and tabs                            no-mixed-spaces-and-tabs
  315:17  warning  '$' is not defined                               no-undef
  316:2   warning  Mixed spaces and tabs                            no-mixed-spaces-and-tabs
  317:2   warning  Mixed spaces and tabs                            no-mixed-spaces-and-tabs
  317:11  warning  '$' is not defined                               no-undef
  318:2   warning  Mixed spaces and tabs                            no-mixed-spaces-and-tabs
  319:2   warning  Mixed spaces and tabs                            no-mixed-spaces-and-tabs
  320:4   warning  Mixed spaces and tabs                            no-mixed-spaces-and-tabs
  322:4   warning  '$' is not defined                               no-undef
  325:5   warning  '$' is not defined                               no-undef
  327:15  warning  'masterJson' is not defined                      no-undef
  328:15  warning  'masterJson' is not defined                      no-undef
  331:4   warning  Mixed spaces and tabs                            no-mixed-spaces-and-tabs
  333:4   warning  Mixed spaces and tabs                            no-mixed-spaces-and-tabs
  334:4   warning  Mixed spaces and tabs                            no-mixed-spaces-and-tabs
  335:10  warning  'i' is not defined                               no-undef
  335:14  warning  'i' is not defined                               no-undef
  335:17  warning  'masterJson' is not defined                      no-undef
  335:40  warning  'i' is not defined                               no-undef
  337:7   warning  Mixed spaces and tabs                            no-mixed-spaces-and-tabs
  338:7   warning  Mixed spaces and tabs                            no-mixed-spaces-and-tabs
  338:11  warning  '$' is not defined                               no-undef
  341:10  warning  '$' is not defined                               no-undef
  342:10  warning  '$' is not defined                               no-undef
  343:9   warning  'temp' is not defined                            no-undef
  343:24  warning  'masterJson' is not defined                      no-undef
  343:40  warning  'i' is not defined                               no-undef
  344:21  warning  'i' is not defined                               no-undef
  344:24  warning  'masterJson' is not defined                      no-undef
  344:40  warning  'i' is not defined                               no-undef
  344:49  warning  'temp' is not defined                            no-undef
  346:7   warning  Mixed spaces and tabs                            no-mixed-spaces-and-tabs
  347:7   warning  Mixed spaces and tabs                            no-mixed-spaces-and-tabs
  348:7   warning  Mixed spaces and tabs                            no-mixed-spaces-and-tabs
  349:8   warning  Mixed spaces and tabs                            no-mixed-spaces-and-tabs
  349:10  warning  'temp' is not defined                            no-undef
  349:25  warning  'masterJson' is not defined                      no-undef
  349:41  warning  'i' is not defined                               no-undef
  350:20  warning  'i' is not defined                               no-undef
  350:23  warning  'masterJson' is not defined                      no-undef
  350:39  warning  'i' is not defined                               no-undef
  350:48  warning  'temp' is not defined                            no-undef
  352:7   warning  Mixed spaces and tabs                            no-mixed-spaces-and-tabs
  355:17  warning  '$' is not defined                               no-undef
  356:2   warning  Mixed spaces and tabs                            no-mixed-spaces-and-tabs
  357:2   warning  Mixed spaces and tabs                            no-mixed-spaces-and-tabs
  357:11  warning  '$' is not defined                               no-undef
  358:2   warning  Mixed spaces and tabs                            no-mixed-spaces-and-tabs
  359:2   warning  Mixed spaces and tabs                            no-mixed-spaces-and-tabs
  360:4   warning  Mixed spaces and tabs                            no-mixed-spaces-and-tabs
  362:8   warning  'length' is already defined                      no-redeclare
  362:16  warning  'masterJson' is not defined                      no-undef
  364:14  warning  'masterJson' is not defined                      no-undef
  365:14  warning  'masterJson' is not defined                      no-undef
  367:8   warning  'actualSpan' is assigned a value but never used  no-unused-vars
  368:8   warning  'stdSpan' is assigned a value but never used     no-unused-vars
  369:4   warning  '$' is not defined                               no-undef
  373:5   warning  '$' is not defined                               no-undef
  374:29  warning  'masterJson' is not defined                      no-undef
  375:26  warning  'masterJson' is not defined                      no-undef
  377:4   warning  Mixed spaces and tabs                            no-mixed-spaces-and-tabs
  379:4   warning  Mixed spaces and tabs                            no-mixed-spaces-and-tabs
  380:4   warning  Mixed spaces and tabs                            no-mixed-spaces-and-tabs
  381:10  warning  'i' is not defined                               no-undef
  381:14  warning  'i' is not defined                               no-undef
  381:17  warning  'masterJson' is not defined                      no-undef
  381:40  warning  'i' is not defined                               no-undef
  383:7   warning  Mixed spaces and tabs                            no-mixed-spaces-and-tabs
  384:7   warning  Mixed spaces and tabs                            no-mixed-spaces-and-tabs
  385:8   warning  Mixed spaces and tabs                            no-mixed-spaces-and-tabs
  386:8   warning  Mixed spaces and tabs                            no-mixed-spaces-and-tabs
  386:12  warning  '$' is not defined                               no-undef
  387:8   warning  Mixed spaces and tabs                            no-mixed-spaces-and-tabs
  387:12  warning  '$' is not defined                               no-undef
  388:8   warning  Mixed spaces and tabs                            no-mixed-spaces-and-tabs
  388:12  warning  '$' is not defined                               no-undef
  390:8   warning  Mixed spaces and tabs                            no-mixed-spaces-and-tabs
  390:12  warning  '$' is not defined                               no-undef
  391:9   warning  'temp' is not defined                            no-undef
  391:24  warning  'masterJson' is not defined                      no-undef
  391:40  warning  'i' is not defined                               no-undef
  392:21  warning  'i' is not defined                               no-undef
  392:24  warning  'masterJson' is not defined                      no-undef
  392:40  warning  'i' is not defined                               no-undef
  392:49  warning  'temp' is not defined                            no-undef
  393:10  warning  'htm' is not defined                             no-undef
  394:11  warning  'htm' is not defined                             no-undef
  395:9   warning  Mixed spaces and tabs                            no-mixed-spaces-and-tabs
  396:9   warning  Mixed spaces and tabs                            no-mixed-spaces-and-tabs
  397:10  warning  Mixed spaces and tabs                            no-mixed-spaces-and-tabs
  408:9   warning  Mixed spaces and tabs                            no-mixed-spaces-and-tabs
  409:9   warning  Mixed spaces and tabs                            no-mixed-spaces-and-tabs
  410:9   warning  Mixed spaces and tabs                            no-mixed-spaces-and-tabs
  410:15  warning  '$' is not defined                               no-undef
  410:51  warning  'htm' is not defined                             no-undef
  414:7   warning  Mixed spaces and tabs                            no-mixed-spaces-and-tabs
  415:7   warning  Mixed spaces and tabs                            no-mixed-spaces-and-tabs
  416:7   warning  Mixed spaces and tabs                            no-mixed-spaces-and-tabs
  417:8   warning  Mixed spaces and tabs                            no-mixed-spaces-and-tabs
  417:10  warning  'temp' is not defined                            no-undef
  417:25  warning  'masterJson' is not defined                      no-undef
  417:41  warning  'i' is not defined                               no-undef
  418:20  warning  'i' is not defined                               no-undef
  418:23  warning  'masterJson' is not defined                      no-undef
  418:39  warning  'i' is not defined                               no-undef
  418:48  warning  'temp' is not defined                            no-undef
  420:7   warning  Mixed spaces and tabs                            no-mixed-spaces-and-tabs
  423:17  warning  '$' is not defined                               no-undef
  424:2   warning  Mixed spaces and tabs                            no-mixed-spaces-and-tabs
  425:2   warning  Mixed spaces and tabs                            no-mixed-spaces-and-tabs
  425:11  warning  '$' is not defined                               no-undef
  426:2   warning  Mixed spaces and tabs                            no-mixed-spaces-and-tabs
  427:2   warning  Mixed spaces and tabs                            no-mixed-spaces-and-tabs
  428:4   warning  Mixed spaces and tabs                            no-mixed-spaces-and-tabs
  429:4   warning  Mixed spaces and tabs                            no-mixed-spaces-and-tabs
  429:6   warning  '$' is not defined                               no-undef
  431:19  warning  'masterJson' is not defined                      no-undef
  432:7   warning  '$' is not defined                               no-undef
  433:32  warning  'masterJson' is not defined                      no-undef
  434:28  warning  'masterJson' is not defined                      no-undef
  436:6   warning  Mixed spaces and tabs                            no-mixed-spaces-and-tabs
  438:6   warning  Mixed spaces and tabs                            no-mixed-spaces-and-tabs
  439:6   warning  Mixed spaces and tabs                            no-mixed-spaces-and-tabs
  440:12  warning  'i' is not defined                               no-undef
  440:16  warning  'i' is not defined                               no-undef
  440:19  warning  'masterJson' is not defined                      no-undef
  440:42  warning  'i' is not defined                               no-undef
  442:21  warning  'i' is not defined                               no-undef
  443:9   warning  Mixed spaces and tabs                            no-mixed-spaces-and-tabs
  444:9   warning  Mixed spaces and tabs                            no-mixed-spaces-and-tabs
  445:10  warning  Mixed spaces and tabs                            no-mixed-spaces-and-tabs
  446:10  warning  Mixed spaces and tabs                            no-mixed-spaces-and-tabs
  446:12  warning  '$' is not defined                               no-undef
  447:10  warning  Mixed spaces and tabs                            no-mixed-spaces-and-tabs
  447:14  warning  '$' is not defined                               no-undef
  448:10  warning  Mixed spaces and tabs                            no-mixed-spaces-and-tabs
  448:14  warning  '$' is not defined                               no-undef
  449:10  warning  Mixed spaces and tabs                            no-mixed-spaces-and-tabs
  449:14  warning  '$' is not defined                               no-undef
  450:10  warning  Mixed spaces and tabs                            no-mixed-spaces-and-tabs
  450:14  warning  '$' is not defined                               no-undef
  451:10  warning  Mixed spaces and tabs                            no-mixed-spaces-and-tabs
  452:10  warning  Mixed spaces and tabs                            no-mixed-spaces-and-tabs
  452:12  warning  'temp' is not defined                            no-undef
  452:27  warning  'masterJson' is not defined                      no-undef
  452:43  warning  'i' is not defined                               no-undef
  453:23  warning  'i' is not defined                               no-undef
  453:26  warning  'masterJson' is not defined                      no-undef
  453:42  warning  'i' is not defined                               no-undef
  453:51  warning  'temp' is not defined                            no-undef
  455:9   warning  Mixed spaces and tabs                            no-mixed-spaces-and-tabs
  456:9   warning  Mixed spaces and tabs                            no-mixed-spaces-and-tabs
  457:9   warning  Mixed spaces and tabs                            no-mixed-spaces-and-tabs
  458:10  warning  Mixed spaces and tabs                            no-mixed-spaces-and-tabs
  458:12  warning  'temp' is not defined                            no-undef
  458:27  warning  'masterJson' is not defined                      no-undef
  458:43  warning  'i' is not defined                               no-undef
  459:22  warning  'i' is not defined                               no-undef
  459:25  warning  'masterJson' is not defined                      no-undef
  459:41  warning  'i' is not defined                               no-undef
  459:50  warning  'temp' is not defined                            no-undef
  461:9   warning  Mixed spaces and tabs                            no-mixed-spaces-and-tabs
  465:10  warning  'temp' is not defined                            no-undef
  465:25  warning  'masterJson' is not defined                      no-undef
  465:41  warning  'i' is not defined                               no-undef
  466:21  warning  'i' is not defined                               no-undef
  466:24  warning  'masterJson' is not defined                      no-undef
  466:40  warning  'i' is not defined                               no-undef
  466:49  warning  'temp' is not defined                            no-undef
  471:19  warning  '$' is not defined                               no-undef
  472:4   warning  Mixed spaces and tabs                            no-mixed-spaces-and-tabs
  473:4   warning  Mixed spaces and tabs                            no-mixed-spaces-and-tabs
  473:13  warning  '$' is not defined                               no-undef
  474:4   warning  Mixed spaces and tabs                            no-mixed-spaces-and-tabs
  475:4   warning  Mixed spaces and tabs                            no-mixed-spaces-and-tabs
  478:4   warning  Mixed spaces and tabs                            no-mixed-spaces-and-tabs
  478:6   warning  '$' is not defined                               no-undef
  480:19  warning  'masterJson' is not defined                      no-undef
  481:7   warning  '$' is not defined                               no-undef
  482:32  warning  'masterJson' is not defined                      no-undef
  483:28  warning  'masterJson' is not defined                      no-undef
  485:6   warning  Mixed spaces and tabs                            no-mixed-spaces-and-tabs
  487:6   warning  Mixed spaces and tabs                            no-mixed-spaces-and-tabs
  488:6   warning  Mixed spaces and tabs                            no-mixed-spaces-and-tabs
  489:12  warning  'i' is not defined                               no-undef
  489:16  warning  'i' is not defined                               no-undef
  489:19  warning  'masterJson' is not defined                      no-undef
  489:42  warning  'i' is not defined                               no-undef
  491:21  warning  'i' is not defined                               no-undef
  492:9   warning  Mixed spaces and tabs                            no-mixed-spaces-and-tabs
  493:9   warning  Mixed spaces and tabs                            no-mixed-spaces-and-tabs
  494:10  warning  Mixed spaces and tabs                            no-mixed-spaces-and-tabs
  495:10  warning  Mixed spaces and tabs                            no-mixed-spaces-and-tabs
  495:12  warning  '$' is not defined                               no-undef
  496:10  warning  Mixed spaces and tabs                            no-mixed-spaces-and-tabs
  496:14  warning  '$' is not defined                               no-undef
  497:10  warning  Mixed spaces and tabs                            no-mixed-spaces-and-tabs
  497:14  warning  '$' is not defined                               no-undef
  498:10  warning  Mixed spaces and tabs                            no-mixed-spaces-and-tabs
  498:14  warning  '$' is not defined                               no-undef
  499:10  warning  Mixed spaces and tabs                            no-mixed-spaces-and-tabs
  499:14  warning  '$' is not defined                               no-undef
  500:10  warning  Mixed spaces and tabs                            no-mixed-spaces-and-tabs
  500:12  warning  'temp' is not defined                            no-undef
  500:27  warning  'masterJson' is not defined                      no-undef
  500:43  warning  'i' is not defined                               no-undef
  501:23  warning  'i' is not defined                               no-undef
  501:26  warning  'masterJson' is not defined                      no-undef
  501:42  warning  'i' is not defined                               no-undef
  501:51  warning  'temp' is not defined                            no-undef
  503:9   warning  Mixed spaces and tabs                            no-mixed-spaces-and-tabs
  504:9   warning  Mixed spaces and tabs                            no-mixed-spaces-and-tabs
  505:9   warning  Mixed spaces and tabs                            no-mixed-spaces-and-tabs
  506:10  warning  Mixed spaces and tabs                            no-mixed-spaces-and-tabs
  506:12  warning  'temp' is not defined                            no-undef
  506:27  warning  'masterJson' is not defined                      no-undef
  506:43  warning  'i' is not defined                               no-undef
  507:22  warning  'i' is not defined                               no-undef
  507:25  warning  'masterJson' is not defined                      no-undef
  507:41  warning  'i' is not defined                               no-undef
  507:50  warning  'temp' is not defined                            no-undef
  509:9   warning  Mixed spaces and tabs                            no-mixed-spaces-and-tabs
  513:10  warning  'temp' is not defined                            no-undef
  513:25  warning  'masterJson' is not defined                      no-undef
  513:41  warning  'i' is not defined                               no-undef
  514:21  warning  'i' is not defined                               no-undef
  514:24  warning  'masterJson' is not defined                      no-undef
  514:40  warning  'i' is not defined                               no-undef
  514:49  warning  'temp' is not defined                            no-undef
  519:19  warning  '$' is not defined                               no-undef
  520:4   warning  Mixed spaces and tabs                            no-mixed-spaces-and-tabs
  521:4   warning  Mixed spaces and tabs                            no-mixed-spaces-and-tabs
  521:13  warning  '$' is not defined                               no-undef
  522:4   warning  Mixed spaces and tabs                            no-mixed-spaces-and-tabs
  523:4   warning  Mixed spaces and tabs                            no-mixed-spaces-and-tabs
  529:4   warning  '$' is not defined                               no-undef
  532:5   warning  '$' is not defined                               no-undef
  535:15  warning  'masterJson' is not defined                      no-undef
  536:15  warning  'masterJson' is not defined                      no-undef
  540:4   warning  Mixed spaces and tabs                            no-mixed-spaces-and-tabs
  542:4   warning  Mixed spaces and tabs                            no-mixed-spaces-and-tabs
  543:4   warning  Mixed spaces and tabs                            no-mixed-spaces-and-tabs
  544:10  warning  'i' is not defined                               no-undef
  544:14  warning  'i' is not defined                               no-undef
  544:17  warning  'masterJson' is not defined                      no-undef
  544:40  warning  'i' is not defined                               no-undef
  546:7   warning  Mixed spaces and tabs                            no-mixed-spaces-and-tabs
  547:7   warning  Mixed spaces and tabs                            no-mixed-spaces-and-tabs
  549:9   warning  'temp' is not defined                            no-undef
  549:24  warning  'masterJson' is not defined                      no-undef
  549:40  warning  'i' is not defined                               no-undef
  550:21  warning  'i' is not defined                               no-undef
  550:24  warning  'masterJson' is not defined                      no-undef
  550:40  warning  'i' is not defined                               no-undef
  550:49  warning  'temp' is not defined                            no-undef
  552:7   warning  Mixed spaces and tabs                            no-mixed-spaces-and-tabs
  553:7   warning  Mixed spaces and tabs                            no-mixed-spaces-and-tabs
  554:7   warning  Mixed spaces and tabs                            no-mixed-spaces-and-tabs
  555:8   warning  Mixed spaces and tabs                            no-mixed-spaces-and-tabs
  555:10  warning  'temp' is not defined                            no-undef
  555:25  warning  'masterJson' is not defined                      no-undef
  555:41  warning  'i' is not defined                               no-undef
  556:20  warning  'i' is not defined                               no-undef
  556:23  warning  'masterJson' is not defined                      no-undef
  556:39  warning  'i' is not defined                               no-undef
  556:48  warning  'temp' is not defined                            no-undef
  558:7   warning  Mixed spaces and tabs                            no-mixed-spaces-and-tabs
  561:17  warning  '$' is not defined                               no-undef
  562:2   warning  Mixed spaces and tabs                            no-mixed-spaces-and-tabs
  563:2   warning  Mixed spaces and tabs                            no-mixed-spaces-and-tabs
  563:11  warning  '$' is not defined                               no-undef
  564:2   warning  Mixed spaces and tabs                            no-mixed-spaces-and-tabs
  565:2   warning  Mixed spaces and tabs                            no-mixed-spaces-and-tabs
  566:4   warning  Mixed spaces and tabs                            no-mixed-spaces-and-tabs

/home/runner/work/exp-design-encoder-coep/exp-design-encoder-coep/experiment/simulation/src/bootstrap.min.js
  6:99     warning  't' is defined but never used                                              no-unused-vars
  6:121    warning  'jQuery' is not defined                                                    no-undef
  6:1063   warning  'jQuery' is not defined                                                    no-undef
  6:2025   warning  'jQuery' is not defined                                                    no-undef
  6:3973   warning  'jQuery' is not defined                                                    no-undef
  6:8061   warning  'jQuery' is not defined                                                    no-undef
  6:11443  warning  'jQuery' is not defined                                                    no-undef
  6:13818  warning  'jQuery' is not defined                                                    no-undef
  6:20192  warning  'jQuery' is not defined                                                    no-undef
  6:23482  warning  Do not access Object.prototype method 'hasOwnProperty' from target object  no-prototype-builtins
  6:31057  warning  'jQuery' is not defined                                                    no-undef
  6:32796  warning  'jQuery' is not defined                                                    no-undef
  6:35218  warning  'jQuery' is not defined                                                    no-undef
  6:37052  warning  'jQuery' is not defined                                                    no-undef
  6:39546  warning  'jQuery' is not defined                                                    no-undef

/home/runner/work/exp-design-encoder-coep/exp-design-encoder-coep/experiment/simulation/src/fualtFinding.js
    3:4   warning  Mixed spaces and tabs                     no-mixed-spaces-and-tabs
    4:4   warning  Mixed spaces and tabs                     no-mixed-spaces-and-tabs
    7:3   warning  Mixed spaces and tabs                     no-mixed-spaces-and-tabs
   17:29  warning  'masterJson' is not defined               no-undef
   20:36  warning  'masterJson' is not defined               no-undef
   22:29  warning  'masterJson' is not defined               no-undef
   23:65  warning  'masterJson' is not defined               no-undef
   30:5   warning  Mixed spaces and tabs                     no-mixed-spaces-and-tabs
   31:4   warning  Mixed spaces and tabs                     no-mixed-spaces-and-tabs
   31:6   warning  '$' is not defined                        no-undef
   37:4   warning  Mixed spaces and tabs                     no-mixed-spaces-and-tabs
   37:16  warning  'masterJson' is not defined               no-undef
   38:4   warning  Mixed spaces and tabs                     no-mixed-spaces-and-tabs
   39:4   warning  Mixed spaces and tabs                     no-mixed-spaces-and-tabs
   42:3   warning  Mixed spaces and tabs                     no-mixed-spaces-and-tabs
   52:29  warning  'masterJson' is not defined               no-undef
   56:27  warning  'masterJson' is not defined               no-undef
   58:30  warning  'masterJson' is not defined               no-undef
   59:66  warning  'masterJson' is not defined               no-undef
   66:11  warning  'errorRotameter' is already defined       no-redeclare
   66:26  warning  'masterJson' is not defined               no-undef
   68:30  warning  'masterJson' is not defined               no-undef
   69:67  warning  'masterJson' is not defined               no-undef
   78:5   warning  Mixed spaces and tabs                     no-mixed-spaces-and-tabs
   79:4   warning  Mixed spaces and tabs                     no-mixed-spaces-and-tabs
   79:6   warning  '$' is not defined                        no-undef
   84:10  warning  'fualtFinding' is defined but never used  no-unused-vars
   87:2   warning  '$' is not defined                        no-undef
   88:1   warning  Mixed spaces and tabs                     no-mixed-spaces-and-tabs
   88:3   warning  '$' is not defined                        no-undef
   89:2   warning  '$' is not defined                        no-undef
   90:1   warning  Mixed spaces and tabs                     no-mixed-spaces-and-tabs
   90:3   warning  '$' is not defined                        no-undef
   91:1   warning  Mixed spaces and tabs                     no-mixed-spaces-and-tabs
   92:1   warning  Mixed spaces and tabs                     no-mixed-spaces-and-tabs
   92:3   warning  '$' is not defined                        no-undef
   93:1   warning  Mixed spaces and tabs                     no-mixed-spaces-and-tabs
   93:3   warning  '$' is not defined                        no-undef
   94:1   warning  Mixed spaces and tabs                     no-mixed-spaces-and-tabs
   94:3   warning  '$' is not defined                        no-undef
   95:1   warning  Mixed spaces and tabs                     no-mixed-spaces-and-tabs
   97:1   warning  Mixed spaces and tabs                     no-mixed-spaces-and-tabs
  101:2   warning  Mixed spaces and tabs                     no-mixed-spaces-and-tabs
  103:2   warning  Mixed spaces and tabs                     no-mixed-spaces-and-tabs
  104:2   warning  Mixed spaces and tabs                     no-mixed-spaces-and-tabs
  105:2   warning  Mixed spaces and tabs                     no-mixed-spaces-and-tabs
  107:2   warning  Mixed spaces and tabs                     no-mixed-spaces-and-tabs
  108:2   warning  Mixed spaces and tabs                     no-mixed-spaces-and-tabs
  110:2   warning  Mixed spaces and tabs                     no-mixed-spaces-and-tabs
  111:2   warning  Mixed spaces and tabs                     no-mixed-spaces-and-tabs
  112:2   warning  Mixed spaces and tabs                     no-mixed-spaces-and-tabs
  113:2   warning  Mixed spaces and tabs                     no-mixed-spaces-and-tabs
  119:5   warning  '$' is not defined                        no-undef
  129:5   warning  '$' is not defined                        no-undef
  131:5   warning  '$' is not defined                        no-undef
  132:4   warning  Mixed spaces and tabs                     no-mixed-spaces-and-tabs
  132:25  warning  '$' is not defined                        no-undef
  133:4   warning  Mixed spaces and tabs                     no-mixed-spaces-and-tabs
  135:4   warning  Mixed spaces and tabs                     no-mixed-spaces-and-tabs
  136:4   warning  Mixed spaces and tabs                     no-mixed-spaces-and-tabs
  136:8   warning  '$' is not defined                        no-undef
  137:4   warning  Mixed spaces and tabs                     no-mixed-spaces-and-tabs
  137:9   warning  '$' is not defined                        no-undef
  138:4   warning  Mixed spaces and tabs                     no-mixed-spaces-and-tabs
  138:9   warning  '$' is not defined                        no-undef
  139:4   warning  Mixed spaces and tabs                     no-mixed-spaces-and-tabs
  140:4   warning  Mixed spaces and tabs                     no-mixed-spaces-and-tabs
  140:9   warning  '$' is not defined                        no-undef
  141:4   warning  Mixed spaces and tabs                     no-mixed-spaces-and-tabs
  142:4   warning  Mixed spaces and tabs                     no-mixed-spaces-and-tabs
  143:4   warning  Mixed spaces and tabs                     no-mixed-spaces-and-tabs
  143:8   warning  '$' is not defined                        no-undef
  144:4   warning  Mixed spaces and tabs                     no-mixed-spaces-and-tabs
  144:8   warning  '$' is not defined                        no-undef
  145:4   warning  Mixed spaces and tabs                     no-mixed-spaces-and-tabs
  150:4   warning  Mixed spaces and tabs                     no-mixed-spaces-and-tabs

/home/runner/work/exp-design-encoder-coep/exp-design-encoder-coep/experiment/simulation/src/mainPage.js
    1:10  warning  'config1' is defined but never used                  no-unused-vars
    2:2   warning  'arrayJson' is not defined                           no-undef
    3:2   warning  'masterJson' is not defined                          no-undef
    6:5   warning  'weight' is assigned a value but never used          no-unused-vars
    7:6   warning  'meter' is assigned a value but never used           no-unused-vars
    8:5   warning  'cylinderPiston' is assigned a value but never used  no-unused-vars
    9:1   warning  'data' is not defined                                no-undef
   10:1   warning  'dataJson' is not defined                            no-undef
   11:5   warning  'wrongCounter' is assigned a value but never used    no-unused-vars
   17:1   warning  Mixed spaces and tabs                                no-mixed-spaces-and-tabs
   18:1   warning  Mixed spaces and tabs                                no-mixed-spaces-and-tabs
   19:1   warning  Mixed spaces and tabs                                no-mixed-spaces-and-tabs
   20:1   warning  Mixed spaces and tabs                                no-mixed-spaces-and-tabs
   21:1   warning  Mixed spaces and tabs                                no-mixed-spaces-and-tabs
   22:1   warning  Mixed spaces and tabs                                no-mixed-spaces-and-tabs
   23:1   warning  Mixed spaces and tabs                                no-mixed-spaces-and-tabs
   24:1   warning  Mixed spaces and tabs                                no-mixed-spaces-and-tabs
   28:1   warning  Mixed spaces and tabs                                no-mixed-spaces-and-tabs
   29:1   warning  Mixed spaces and tabs                                no-mixed-spaces-and-tabs
   30:1   warning  Mixed spaces and tabs                                no-mixed-spaces-and-tabs
   31:1   warning  Mixed spaces and tabs                                no-mixed-spaces-and-tabs
   32:1   warning  Mixed spaces and tabs                                no-mixed-spaces-and-tabs
   33:1   warning  Mixed spaces and tabs                                no-mixed-spaces-and-tabs
   34:1   warning  Mixed spaces and tabs                                no-mixed-spaces-and-tabs
   35:1   warning  Mixed spaces and tabs                                no-mixed-spaces-and-tabs
   36:1   warning  Mixed spaces and tabs                                no-mixed-spaces-and-tabs
   38:1   warning  Mixed spaces and tabs                                no-mixed-spaces-and-tabs
   39:1   warning  Mixed spaces and tabs                                no-mixed-spaces-and-tabs
   40:1   warning  Mixed spaces and tabs                                no-mixed-spaces-and-tabs
   41:1   warning  Mixed spaces and tabs                                no-mixed-spaces-and-tabs
   42:1   warning  Mixed spaces and tabs                                no-mixed-spaces-and-tabs
   43:1   warning  Mixed spaces and tabs                                no-mixed-spaces-and-tabs
   44:1   warning  Mixed spaces and tabs                                no-mixed-spaces-and-tabs
   45:1   warning  Mixed spaces and tabs                                no-mixed-spaces-and-tabs
   46:1   warning  Mixed spaces and tabs                                no-mixed-spaces-and-tabs
   47:1   warning  Mixed spaces and tabs                                no-mixed-spaces-and-tabs
   48:1   warning  Mixed spaces and tabs                                no-mixed-spaces-and-tabs
   49:1   warning  Mixed spaces and tabs                                no-mixed-spaces-and-tabs
   51:1   warning  Mixed spaces and tabs                                no-mixed-spaces-and-tabs
   52:1   warning  Mixed spaces and tabs                                no-mixed-spaces-and-tabs
   53:1   warning  Mixed spaces and tabs                                no-mixed-spaces-and-tabs
   54:1   warning  Mixed spaces and tabs                                no-mixed-spaces-and-tabs
   55:1   warning  Mixed spaces and tabs                                no-mixed-spaces-and-tabs
   56:1   warning  Mixed spaces and tabs                                no-mixed-spaces-and-tabs
   57:1   warning  Mixed spaces and tabs                                no-mixed-spaces-and-tabs
   58:1   warning  Mixed spaces and tabs                                no-mixed-spaces-and-tabs
   59:1   warning  Mixed spaces and tabs                                no-mixed-spaces-and-tabs
   60:1   warning  Mixed spaces and tabs                                no-mixed-spaces-and-tabs
   61:1   warning  Mixed spaces and tabs                                no-mixed-spaces-and-tabs
   62:1   warning  Mixed spaces and tabs                                no-mixed-spaces-and-tabs
   63:1   warning  Mixed spaces and tabs                                no-mixed-spaces-and-tabs
   66:1   warning  Mixed spaces and tabs                                no-mixed-spaces-and-tabs
   67:1   warning  Mixed spaces and tabs                                no-mixed-spaces-and-tabs
   68:2   warning  Mixed spaces and tabs                                no-mixed-spaces-and-tabs
   69:1   warning  Mixed spaces and tabs                                no-mixed-spaces-and-tabs
   70:1   warning  Mixed spaces and tabs                                no-mixed-spaces-and-tabs
   72:1   warning  Mixed spaces and tabs                                no-mixed-spaces-and-tabs
   73:1   warning  Mixed spaces and tabs                                no-mixed-spaces-and-tabs
   74:1   warning  Mixed spaces and tabs                                no-mixed-spaces-and-tabs
   75:1   warning  Mixed spaces and tabs                                no-mixed-spaces-and-tabs
   76:1   warning  Mixed spaces and tabs                                no-mixed-spaces-and-tabs
   77:1   warning  Mixed spaces and tabs                                no-mixed-spaces-and-tabs
   78:1   warning  Mixed spaces and tabs                                no-mixed-spaces-and-tabs
   79:1   warning  Mixed spaces and tabs                                no-mixed-spaces-and-tabs
   80:1   warning  Mixed spaces and tabs                                no-mixed-spaces-and-tabs
  100:3   warning  '$' is not defined                                   no-undef
  104:3   warning  '$' is not defined                                   no-undef
  105:21  warning  '$' is not defined                                   no-undef
  106:2   warning  Mixed spaces and tabs                                no-mixed-spaces-and-tabs
  106:7   warning  '$' is not defined                                   no-undef
  108:1   warning  Mixed spaces and tabs                                no-mixed-spaces-and-tabs
  109:1   warning  Mixed spaces and tabs                                no-mixed-spaces-and-tabs
  110:1   warning  Mixed spaces and tabs                                no-mixed-spaces-and-tabs
  111:1   warning  Mixed spaces and tabs                                no-mixed-spaces-and-tabs
  111:5   warning  '$' is not defined                                   no-undef
  119:2   warning  Mixed spaces and tabs                                no-mixed-spaces-and-tabs
  119:6   warning  '$' is not defined                                   no-undef
  120:4   warning  '$' is not defined                                   no-undef
  121:2   warning  Mixed spaces and tabs                                no-mixed-spaces-and-tabs
  121:6   warning  '$' is not defined                                   no-undef
  122:2   warning  Mixed spaces and tabs                                no-mixed-spaces-and-tabs
  122:19  warning  '$' is not defined                                   no-undef
  123:2   warning  Mixed spaces and tabs                                no-mixed-spaces-and-tabs
  124:2   warning  Mixed spaces and tabs                                no-mixed-spaces-and-tabs
  125:2   warning  Mixed spaces and tabs                                no-mixed-spaces-and-tabs
  126:3   warning  Mixed spaces and tabs                                no-mixed-spaces-and-tabs
  127:3   warning  Mixed spaces and tabs                                no-mixed-spaces-and-tabs
  127:7   warning  '$' is not defined                                   no-undef
  128:3   warning  Mixed spaces and tabs                                no-mixed-spaces-and-tabs
  129:3   warning  Mixed spaces and tabs                                no-mixed-spaces-and-tabs
  130:3   warning  Mixed spaces and tabs                                no-mixed-spaces-and-tabs
  130:7   warning  '$' is not defined                                   no-undef
  131:3   warning  Mixed spaces and tabs                                no-mixed-spaces-and-tabs
  132:2   warning  Mixed spaces and tabs                                no-mixed-spaces-and-tabs
  133:3   warning  Mixed spaces and tabs                                no-mixed-spaces-and-tabs
  135:3   warning  Mixed spaces and tabs                                no-mixed-spaces-and-tabs
  135:8   warning  'mimic' is not defined                               no-undef
  136:4   warning  Mixed spaces and tabs                                no-mixed-spaces-and-tabs
  138:2   warning  Mixed spaces and tabs                                no-mixed-spaces-and-tabs
  138:5   warning  '$' is not defined                                   no-undef
  139:5   warning  '$' is not defined                                   no-undef
  140:3   warning  Mixed spaces and tabs                                no-mixed-spaces-and-tabs
  140:21  warning  '$' is not defined                                   no-undef
  141:3   warning  Mixed spaces and tabs                                no-mixed-spaces-and-tabs
  143:5   warning  'flow' is not defined                                no-undef
  147:6   warning  '$' is not defined                                   no-undef
  153:22  warning  'flow' is not defined                                no-undef
  156:7   warning  Mixed spaces and tabs                                no-mixed-spaces-and-tabs
  156:9   warning  '$' is not defined                                   no-undef
  157:8   warning  '$' is not defined                                   no-undef
  159:8   warning  '$' is not defined                                   no-undef
  160:8   warning  '$' is not defined                                   no-undef
  162:8   warning  'tableCreate' is not defined                         no-undef
  165:29  warning  'flow' is not defined                                no-undef
  167:7   warning  Mixed spaces and tabs                                no-mixed-spaces-and-tabs
  167:9   warning  '$' is not defined                                   no-undef
  168:7   warning  '$' is not defined                                   no-undef
  174:6   warning  Mixed spaces and tabs                                no-mixed-spaces-and-tabs
  174:8   warning  '$' is not defined                                   no-undef
  175:7   warning  '$' is not defined                                   no-undef
  178:17  warning  '$' is not defined                                   no-undef
  180:22  warning  'flow' is not defined                                no-undef
  183:8   warning  '$' is not defined                                   no-undef
  184:8   warning  '$' is not defined                                   no-undef
  185:8   warning  '$' is not defined                                   no-undef
  186:8   warning  '$' is not defined                                   no-undef
  188:8   warning  'tableCreate' is not defined                         no-undef
  194:8   warning  '$' is not defined                                   no-undef
  194:51  warning  'flow' is not defined                                no-undef
  203:7   warning  'tempJson' is not defined                            no-undef
  204:7   warning  'tempJson' is not defined                            no-undef
  205:7   warning  'tempJson' is not defined                            no-undef
  206:7   warning  'tempJson' is not defined                            no-undef
  206:23  warning  'flow' is not defined                                no-undef
  207:7   warning  'arrayJson' is not defined                           no-undef
  207:22  warning  'tempJson' is not defined                            no-undef
  208:7   warning  'masterJson' is not defined                          no-undef
  208:25  warning  'arrayJson' is not defined                           no-undef
  209:19  warning  'masterJson' is not defined                          no-undef
  210:7   warning  'tableCreate' is not defined                         no-undef
  210:19  warning  'masterJson' is not defined                          no-undef
  214:1   warning  Mixed spaces and tabs                                no-mixed-spaces-and-tabs
  216:1   warning  Mixed spaces and tabs                                no-mixed-spaces-and-tabs
  220:1   warning  Mixed spaces and tabs                                no-mixed-spaces-and-tabs

/home/runner/work/exp-design-encoder-coep/exp-design-encoder-coep/experiment/simulation/src/mimic.js
   1:10  warning  'mimic' is defined but never used                     no-unused-vars
   1:24  warning  'noh' is defined but never used                       no-unused-vars
   3:2   warning  '$' is not defined                                    no-undef
   4:5   warning  '$' is not defined                                    no-undef
   5:2   warning  '$' is not defined                                    no-undef
   9:14  warning  '$' is not defined                                    no-undef
  11:6   warning  '$' is not defined                                    no-undef
  12:11  warning  '$' is not defined                                    no-undef
  13:3   warning  'paper' is not defined                                no-undef
  13:15  warning  'Raphael' is not defined                              no-undef
  14:3   warning  'paper' is not defined                                no-undef
  15:3   warning  'paper' is not defined                                no-undef
  17:3   warning  'paper' is not defined                                no-undef
  17:15  warning  'Raphael' is not defined                              no-undef
  18:3   warning  'paper' is not defined                                no-undef
  19:3   warning  'paper' is not defined                                no-undef
  21:2   warning  'x' is not defined                                    no-undef
  22:2   warning  'y' is not defined                                    no-undef
  23:6   warning  'width' is already defined                            no-redeclare
  25:1   warning  Mixed spaces and tabs                                 no-mixed-spaces-and-tabs
  25:7   warning  'raise' is assigned a value but never used            no-unused-vars
  26:1   warning  Mixed spaces and tabs                                 no-mixed-spaces-and-tabs
  26:7   warning  'lineHide' is assigned a value but never used         no-unused-vars
  27:1   warning  Mixed spaces and tabs                                 no-mixed-spaces-and-tabs
  27:7   warning  'ray' is defined but never used                       no-unused-vars
  28:6   warning  'lightbulb' is assigned a value but never used        no-unused-vars
  28:18  warning  'paper' is not defined                                no-undef
  28:48  warning  'x' is not defined                                    no-undef
  28:55  warning  'y' is not defined                                    no-undef
  29:6   warning  'block' is assigned a value but never used            no-unused-vars
  29:14  warning  'paper' is not defined                                no-undef
  30:6   warning  'shaft' is assigned a value but never used            no-unused-vars
  30:14  warning  'paper' is not defined                                no-undef
  31:6   warning  'circle1' is assigned a value but never used          no-unused-vars
  31:16  warning  'paper' is not defined                                no-undef
  32:13  warning  'paper' is not defined                                no-undef
  32:44  warning  'x' is not defined                                    no-undef
  32:51  warning  'y' is not defined                                    no-undef
  33:6   warning  'lightSensor' is assigned a value but never used      no-unused-vars
  33:20  warning  'paper' is not defined                                no-undef
  33:58  warning  'x' is not defined                                    no-undef
  33:65  warning  'y' is not defined                                    no-undef
  35:6   warning  'shaftlabel' is assigned a value but never used       no-unused-vars
  35:19  warning  'paper' is not defined                                no-undef
  37:6   warning  'lightsourcename' is assigned a value but never used  no-unused-vars
  37:24  warning  'paper' is not defined                                no-undef
  38:6   warning  'lightsource' is assigned a value but never used      no-unused-vars
  38:20  warning  'paper' is not defined                                no-undef
  48:21  warning  'Raphael' is not defined                              no-undef
  53:12  warning  'paper' is not defined                                no-undef
  54:16  warning  'Raphael' is not defined                              no-undef
  57:12  warning  'paper' is not defined                                no-undef
  58:6   warning  'linemove' is already defined                         no-redeclare
  58:16  warning  'Raphael' is not defined                              no-undef
  63:6   warning  'l4' is assigned a value but never used               no-unused-vars
  63:9   warning  'paper' is not defined                                no-undef
  64:6   warning  'linemove' is already defined                         no-redeclare
  64:16  warning  'Raphael' is not defined                              no-undef
  70:1   warning  Mixed spaces and tabs                                 no-mixed-spaces-and-tabs
  70:3   warning  '$' is not defined                                    no-undef
  71:2   warning  '$' is not defined                                    no-undef

/home/runner/work/exp-design-encoder-coep/exp-design-encoder-coep/experiment/simulation/src/questionJson.js
    3:1  warning  'QuestionsJSON' is not defined                   no-undef
  137:5  warning  'ANSWERJSON' is assigned a value but never used  no-unused-vars

/home/runner/work/exp-design-encoder-coep/exp-design-encoder-coep/experiment/simulation/src/questions.js
    5:4   warning  'dataQues' is not defined       no-undef
   11:24  warning  'QuestionsJSON' is not defined  no-undef
   13:25  warning  'QuestionsJSON' is not defined  no-undef
   19:9   warning  'QuestionsJSON' is not defined  no-undef
   22:26  warning  'QuestionsJSON' is not defined  no-undef
   27:86  warning  'QuestionsJSON' is not defined  no-undef
   29:10  warning  'QuestionsJSON' is not defined  no-undef
   32:10  warning  'QuestionsJSON' is not defined  no-undef
   74:4   warning  '$' is not defined              no-undef
   78:4   warning  '$' is not defined              no-undef
   79:5   warning  '$' is not defined              no-undef
   82:26  warning  'QuestionsJSON' is not defined  no-undef
   84:17  warning  '$' is not defined              no-undef
   87:19  warning  '$' is not defined              no-undef
   90:17  warning  '$' is not defined              no-undef
   97:8   warning  '$' is not defined              no-undef
   98:8   warning  '$' is not defined              no-undef
  111:16  warning  'i' is already defined          no-redeclare
  120:7   warning  '$' is not defined              no-undef
  122:7   warning  '$' is not defined              no-undef
  123:7   warning  '$' is not defined              no-undef
  124:2   warning  Mixed spaces and tabs           no-mixed-spaces-and-tabs
  130:4   warning  '$' is not defined              no-undef
  132:6   warning  'config1' is not defined        no-undef

/home/runner/work/exp-design-encoder-coep/exp-design-encoder-coep/experiment/simulation/src/resultAnaylsis.js
    1:11  warning  'resultAnalysis' is defined but never used         no-unused-vars
   29:1   warning  Mixed spaces and tabs                              no-mixed-spaces-and-tabs
   30:1   warning  Mixed spaces and tabs                              no-mixed-spaces-and-tabs
   31:1   warning  Mixed spaces and tabs                              no-mixed-spaces-and-tabs
   31:7   warning  'actualCorr' is assigned a value but never used    no-unused-vars
   32:1   warning  Mixed spaces and tabs                              no-mixed-spaces-and-tabs
   32:7   warning  'resultConfig' is assigned a value but never used  no-unused-vars
   33:1   warning  Mixed spaces and tabs                              no-mixed-spaces-and-tabs
   34:1   warning  Mixed spaces and tabs                              no-mixed-spaces-and-tabs
   35:1   warning  Mixed spaces and tabs                              no-mixed-spaces-and-tabs
   36:17  warning  'dataJson' is not defined                          no-undef
   38:13  warning  'dataJson' is not defined                          no-undef
   41:22  warning  'dataJson' is not defined                          no-undef
   41:52  warning  'dataJson' is not defined                          no-undef
   41:85  warning  'dataJson' is not defined                          no-undef
   44:1   warning  Mixed spaces and tabs                              no-mixed-spaces-and-tabs
   44:19  warning  'dataJson' is not defined                          no-undef
   45:21  warning  'dataJson' is not defined                          no-undef
   51:24  warning  'dataJson' is not defined                          no-undef
   53:2   warning  'wrong' is assigned a value but never used         no-unused-vars
   53:10  warning  'dataJson' is not defined                          no-undef
  132:4   warning  Mixed spaces and tabs                              no-mixed-spaces-and-tabs
  133:4   warning  Mixed spaces and tabs                              no-mixed-spaces-and-tabs
  134:4   warning  Mixed spaces and tabs                              no-mixed-spaces-and-tabs
  135:4   warning  Mixed spaces and tabs                              no-mixed-spaces-and-tabs
  136:4   warning  Mixed spaces and tabs                              no-mixed-spaces-and-tabs
  137:4   warning  Mixed spaces and tabs                              no-mixed-spaces-and-tabs
  138:4   warning  Mixed spaces and tabs                              no-mixed-spaces-and-tabs
  139:4   warning  Mixed spaces and tabs                              no-mixed-spaces-and-tabs
  140:4   warning  Mixed spaces and tabs                              no-mixed-spaces-and-tabs
  141:4   warning  Mixed spaces and tabs                              no-mixed-spaces-and-tabs
  142:4   warning  Mixed spaces and tabs                              no-mixed-spaces-and-tabs
  143:4   warning  Mixed spaces and tabs                              no-mixed-spaces-and-tabs
  144:4   warning  Mixed spaces and tabs                              no-mixed-spaces-and-tabs
  145:4   warning  Mixed spaces and tabs                              no-mixed-spaces-and-tabs
  146:4   warning  Mixed spaces and tabs                              no-mixed-spaces-and-tabs
  147:4   warning  Mixed spaces and tabs                              no-mixed-spaces-and-tabs
  148:4   warning  Mixed spaces and tabs                              no-mixed-spaces-and-tabs
  154:4   warning  Mixed spaces and tabs                              no-mixed-spaces-and-tabs
  156:4   warning  Mixed spaces and tabs                              no-mixed-spaces-and-tabs
  157:4   warning  Mixed spaces and tabs                              no-mixed-spaces-and-tabs
  158:4   warning  Mixed spaces and tabs                              no-mixed-spaces-and-tabs
  159:4   warning  Mixed spaces and tabs                              no-mixed-spaces-and-tabs
  160:4   warning  Mixed spaces and tabs                              no-mixed-spaces-and-tabs
  161:4   warning  Mixed spaces and tabs                              no-mixed-spaces-and-tabs
  162:4   warning  Mixed spaces and tabs                              no-mixed-spaces-and-tabs
  164:4   warning  Mixed spaces and tabs                              no-mixed-spaces-and-tabs
  165:4   warning  Mixed spaces and tabs                              no-mixed-spaces-and-tabs
  166:4   warning  Mixed spaces and tabs                              no-mixed-spaces-and-tabs
  167:4   warning  Mixed spaces and tabs                              no-mixed-spaces-and-tabs
  168:4   warning  Mixed spaces and tabs                              no-mixed-spaces-and-tabs
  169:4   warning  Mixed spaces and tabs                              no-mixed-spaces-and-tabs
  422:1   warning  '$' is not defined                                 no-undef
  423:1   warning  Mixed spaces and tabs                              no-mixed-spaces-and-tabs
  424:1   warning  Mixed spaces and tabs                              no-mixed-spaces-and-tabs
  978:1   warning  Mixed spaces and tabs                              no-mixed-spaces-and-tabs
  979:1   warning  Mixed spaces and tabs                              no-mixed-spaces-and-tabs
  980:1   warning  Mixed spaces and tabs                              no-mixed-spaces-and-tabs
  981:1   warning  Mixed spaces and tabs                              no-mixed-spaces-and-tabs
  982:1   warning  Mixed spaces and tabs                              no-mixed-spaces-and-tabs

/home/runner/work/exp-design-encoder-coep/exp-design-encoder-coep/experiment/simulation/src/table.js
   2:10  warning  'tableCreate' is defined but never used  no-unused-vars
   8:2   warning  Mixed spaces and tabs                    no-mixed-spaces-and-tabs
  26:4   warning  Mixed spaces and tabs                    no-mixed-spaces-and-tabs
  27:4   warning  Mixed spaces and tabs                    no-mixed-spaces-and-tabs
  28:4   warning  Mixed spaces and tabs                    no-mixed-spaces-and-tabs
  29:4   warning  Mixed spaces and tabs                    no-mixed-spaces-and-tabs
  30:4   warning  '$' is not defined                       no-undef
  33:5   warning  '$' is not defined                       no-undef
  35:5   warning  '$' is not defined                       no-undef

✖ 999 problems (1 error, 998 warnings)

